#
# There is insufficient memory for the Java Runtime Environment to continue.
# Native memory allocation (malloc) failed to allocate 613856 bytes for Chunk::new
# Possible reasons:
#   The system is out of physical RAM or swap space
#   In 32 bit mode, the process size limit was hit
# Possible solutions:
#   Reduce memory load on the system
#   Increase physical memory or swap space
#   Check if swap backing store is full
#   Use 64 bit Java on a 64 bit OS
#   Decrease Java heap size (-Xmx/-Xms)
#   Decrease number of Java threads
#   Decrease Java thread stack sizes (-Xss)
#   Set larger code cache with -XX:ReservedCodeCacheSize=
# This output file may be truncated or incomplete.
#
#  Out of Memory Error (allocation.cpp:390), pid=5420, tid=0x00000000000030f4
#
# JRE version: OpenJDK Runtime Environment (8.0_152-b01) (build 1.8.0_152-release-1248-b01)
# Java VM: OpenJDK 64-Bit Server VM (25.152-b01 mixed mode windows-amd64 compressed oops)
# Failed to write core dump. Minidumps are not enabled by default on client versions of Windows
#

---------------  T H R E A D  ---------------

Current thread (0x0000000012c36800):  JavaThread "C2 CompilerThread1" daemon [_thread_in_native, id=12532, stack(0x0000000014390000,0x0000000014490000)]

Stack: [0x0000000014390000,0x0000000014490000]
[error occurred during error reporting (printing stack bounds), id 0xc0000005]

Native frames: (J=compiled Java code, j=interpreted, Vv=VM code, C=native code)


Current CompileTask:
C2:    912  898 %     4       org.objectweb.asm.ClassReader::readCode @ 704 (3575 bytes)


---------------  P R O C E S S  ---------------

Java Threads: ( => current thread )
  0x00000000145c0800 JavaThread "Service Thread" daemon [_thread_blocked, id=12340, stack(0x0000000014990000,0x0000000014a90000)]
  0x0000000012c42800 JavaThread "C1 CompilerThread2" daemon [_thread_in_vm, id=12616, stack(0x0000000014490000,0x0000000014590000)]
=>0x0000000012c36800 JavaThread "C2 CompilerThread1" daemon [_thread_in_native, id=12532, stack(0x0000000014390000,0x0000000014490000)]
  0x0000000012c32800 JavaThread "C2 CompilerThread0" daemon [_thread_in_native, id=264, stack(0x0000000014290000,0x0000000014390000)]
  0x0000000012c30800 JavaThread "Attach Listener" daemon [_thread_blocked, id=5144, stack(0x0000000014190000,0x0000000014290000)]
  0x0000000012c2f800 JavaThread "Signal Dispatcher" daemon [_thread_blocked, id=316, stack(0x0000000014090000,0x0000000014190000)]
  0x0000000012c1f000 JavaThread "Finalizer" daemon [_thread_blocked, id=7684, stack(0x0000000013e90000,0x0000000013f90000)]
  0x00000000028c7800 JavaThread "Reference Handler" daemon [_thread_blocked, id=13124, stack(0x0000000013d90000,0x0000000013e90000)]
  0x00000000027d9000 JavaThread "main" [_thread_in_vm, id=2888, stack(0x0000000002650000,0x0000000002750000)]

Other Threads:
  0x0000000012bf7000 VMThread [stack: 0x0000000013c90000,0x0000000013d90000] [id=11472]
  0x0000000012c8c800 WatcherThread [stack: 0x0000000014a90000,0x0000000014b90000] [id=2872]

VM state:not at safepoint (normal execution)

VM Mutex/Monitor currently owned by a thread: None

Heap:
 PSYoungGen      total 18944K, used 9821K [0x00000000feb00000, 0x0000000100000000, 0x0000000100000000)
  eden space 16384K, 44% used [0x00000000feb00000,0x00000000ff21a250,0x00000000ffb00000)
  from space 2560K, 99% used [0x00000000ffd80000,0x00000000ffffd1e8,0x0000000100000000)
  to   space 2560K, 0% used [0x00000000ffb00000,0x00000000ffb00000,0x00000000ffd80000)
 ParOldGen       total 44032K, used 6215K [0x00000000fc000000, 0x00000000feb00000, 0x00000000feb00000)
  object space 44032K, 14% used [0x00000000fc000000,0x00000000fc611e40,0x00000000feb00000)
 Metaspace       used 7596K, capacity 7880K, committed 7936K, reserved 1056768K
  class space    used 868K, capacity 970K, committed 1024K, reserved 1048576K

Card table byte_map: [0x0000000000770000,0x00000000007a0000] byte_map_base: 0xfffffffffff90000

Marking Bits: (ParMarkBitMap*) 0x0000000057b55aa0
 Begin Bits: [0x0000000012090000, 0x0000000012190000)
 End Bits:   [0x0000000012190000, 0x0000000012290000)

Polling page: 0x0000000000740000

CodeCache: size=245760Kb used=3416Kb max_used=3425Kb free=242343Kb
 bounds [0x00000000028d0000, 0x0000000002c30000, 0x00000000118d0000]
 total_blobs=1254 nmethods=922 adapters=246
 compilation: enabled

Compilation events (10 events):
Event: 0.910 Thread 0x0000000012c42800  900       3       org.objectweb.asm.tree.AbstractInsnNode::acceptAnnotations (149 bytes)
Event: 0.910 Thread 0x0000000012c42800 nmethod 900 0x0000000002c20c50 code [0x0000000002c20e60, 0x0000000002c21a18]
Event: 0.910 Thread 0x0000000012c42800  872       1       java.nio.Buffer::capacity (5 bytes)
Event: 0.910 Thread 0x0000000012c42800 nmethod 872 0x0000000002c20990 code [0x0000000002c20ae0, 0x0000000002c20bf0]
Event: 0.910 Thread 0x0000000012c42800  919       3       com.google.devtools.build.android.desugar.InvokeDynamicLambdaMethodCollector::visitMethod (24 bytes)
Event: 0.911 Thread 0x0000000012c42800 nmethod 919 0x0000000002c20210 code [0x0000000002c203a0, 0x0000000002c20778]
Event: 0.911 Thread 0x0000000012c42800  920       3       com.google.devtools.build.android.desugar.InvokeDynamicLambdaMethodCollector$LambdaMethodCollector::<init> (13 bytes)
Event: 0.911 Thread 0x0000000012c42800 nmethod 920 0x0000000002c1fd10 code [0x0000000002c1fe80, 0x0000000002c200f0]
Event: 0.911 Thread 0x0000000012c32800 nmethod 913 0x0000000002c292d0 code [0x0000000002c29420, 0x0000000002c29738]
Event: 0.911 Thread 0x0000000012c32800  921       4       java.lang.AbstractStringBuilder::newCapacity (39 bytes)

GC Heap History (4 events):
Event: 0.717 GC heap before
{Heap before GC invocations=1 (full 0):
 PSYoungGen      total 18944K, used 16384K [0x00000000feb00000, 0x0000000100000000, 0x0000000100000000)
  eden space 16384K, 100% used [0x00000000feb00000,0x00000000ffb00000,0x00000000ffb00000)
  from space 2560K, 0% used [0x00000000ffd80000,0x00000000ffd80000,0x0000000100000000)
  to   space 2560K, 0% used [0x00000000ffb00000,0x00000000ffb00000,0x00000000ffd80000)
 ParOldGen       total 44032K, used 0K [0x00000000fc000000, 0x00000000feb00000, 0x00000000feb00000)
  object space 44032K, 0% used [0x00000000fc000000,0x00000000fc000000,0x00000000feb00000)
 Metaspace       used 6692K, capacity 6874K, committed 7040K, reserved 1056768K
  class space    used 790K, capacity 871K, committed 896K, reserved 1048576K
Event: 0.721 GC heap after
Heap after GC invocations=1 (full 0):
 PSYoungGen      total 18944K, used 2529K [0x00000000feb00000, 0x0000000100000000, 0x0000000100000000)
  eden space 16384K, 0% used [0x00000000feb00000,0x00000000feb00000,0x00000000ffb00000)
  from space 2560K, 98% used [0x00000000ffb00000,0x00000000ffd78440,0x00000000ffd80000)
  to   space 2560K, 0% used [0x00000000ffd80000,0x00000000ffd80000,0x0000000100000000)
 ParOldGen       total 44032K, used 1538K [0x00000000fc000000, 0x00000000feb00000, 0x00000000feb00000)
  object space 44032K, 3% used [0x00000000fc000000,0x00000000fc180b30,0x00000000feb00000)
 Metaspace       used 6692K, capacity 6874K, committed 7040K, reserved 1056768K
  class space    used 790K, capacity 871K, committed 896K, reserved 1048576K
}
Event: 0.856 GC heap before
{Heap before GC invocations=2 (full 0):
 PSYoungGen      total 18944K, used 18913K [0x00000000feb00000, 0x0000000100000000, 0x0000000100000000)
  eden space 16384K, 100% used [0x00000000feb00000,0x00000000ffb00000,0x00000000ffb00000)
  from space 2560K, 98% used [0x00000000ffb00000,0x00000000ffd78440,0x00000000ffd80000)
  to   space 2560K, 0% used [0x00000000ffd80000,0x00000000ffd80000,0x0000000100000000)
 ParOldGen       total 44032K, used 1538K [0x00000000fc000000, 0x00000000feb00000, 0x00000000feb00000)
  object space 44032K, 3% used [0x00000000fc000000,0x00000000fc180b30,0x00000000feb00000)
 Metaspace       used 7444K, capacity 7624K, committed 7680K, reserved 1056768K
  class space    used 866K, capacity 970K, committed 1024K, reserved 1048576K
Event: 0.860 GC heap after
Heap after GC invocations=2 (full 0):
 PSYoungGen      total 18944K, used 2548K [0x00000000feb00000, 0x0000000100000000, 0x0000000100000000)
  eden space 16384K, 0% used [0x00000000feb00000,0x00000000feb00000,0x00000000ffb00000)
  from space 2560K, 99% used [0x00000000ffd80000,0x00000000ffffd1e8,0x0000000100000000)
  to   space 2560K, 0% used [0x00000000ffb00000,0x00000000ffb00000,0x00000000ffd80000)
 ParOldGen       total 44032K, used 6215K [0x00000000fc000000, 0x00000000feb00000, 0x00000000feb00000)
  object space 44032K, 14% used [0x00000000fc000000,0x00000000fc611e40,0x00000000feb00000)
 Metaspace       used 7444K, capacity 7624K, committed 7680K, reserved 1056768K
  class space    used 866K, capacity 970K, committed 1024K, reserved 1048576K
}

Deoptimization events (7 events):
Event: 0.691 Thread 0x00000000027d9000 Uncommon trap: reason=unstable_if action=reinterpret pc=0x0000000002ae8108 method=java.lang.String.startsWith(Ljava/lang/String;I)Z @ 25
Event: 0.710 Thread 0x00000000027d9000 Uncommon trap: reason=unstable_if action=reinterpret pc=0x0000000002b08aac method=java.util.zip.ZipFile$ZipEntryIterator.hasNext()Z @ 25
Event: 0.710 Thread 0x00000000027d9000 Uncommon trap: reason=unstable_if action=reinterpret pc=0x0000000002b0cb80 method=java.util.zip.ZipCoder.decoder()Ljava/nio/charset/CharsetDecoder; @ 4
Event: 0.710 Thread 0x00000000027d9000 Uncommon trap: reason=unstable_if action=reinterpret pc=0x0000000002b0bed8 method=java.util.zip.ZipEntry.setExtra0([BZ)V @ 1
Event: 0.731 Thread 0x00000000027d9000 Uncommon trap: reason=unstable_if action=reinterpret pc=0x0000000002b18f68 method=java.util.zip.ZipCoder.decoder()Ljava/nio/charset/CharsetDecoder; @ 4
Event: 0.784 Thread 0x00000000027d9000 Uncommon trap: reason=unloaded action=reinterpret pc=0x0000000002b11404 method=java.util.zip.ZipEntry.setExtra0([BZ)V @ 37
Event: 0.864 Thread 0x00000000027d9000 Uncommon trap: reason=unstable_if action=reinterpret pc=0x0000000002ac8f70 method=java.lang.String.<init>([CII)V @ 18

Classes redefined (0 events):
No events

Internal exceptions (10 events):
Event: 0.675 Thread 0x00000000027d9000 Exception <a 'sun/nio/fs/WindowsException'> (0x00000000ff2070d0) thrown at [D:\src\AOSP-openjdk-cygwin\jdk8u\hotspot\src\share\vm\prims\jni.cpp, line 709]
Event: 0.710 Thread 0x00000000027d9000 Implicit null exception at 0x0000000002b0c56d to 0x0000000002b0cb51
Event: 0.731 Thread 0x00000000027d9000 Implicit null exception at 0x0000000002b18551 to 0x0000000002b18f21
Event: 0.752 Thread 0x00000000027d9000 Exception <a 'sun/nio/fs/WindowsException'> (0x00000000ff1b59d0) thrown at [D:\src\AOSP-openjdk-cygwin\jdk8u\hotspot\src\share\vm\prims\jni.cpp, line 709]
Event: 0.752 Thread 0x00000000027d9000 Exception <a 'sun/nio/fs/WindowsException'> (0x00000000ff1b5f30) thrown at [D:\src\AOSP-openjdk-cygwin\jdk8u\hotspot\src\share\vm\prims\jni.cpp, line 709]
Event: 0.752 Thread 0x00000000027d9000 Exception <a 'sun/nio/fs/WindowsException'> (0x00000000ff1b6408) thrown at [D:\src\AOSP-openjdk-cygwin\jdk8u\hotspot\src\share\vm\prims\jni.cpp, line 709]
Event: 0.752 Thread 0x00000000027d9000 Exception <a 'sun/nio/fs/WindowsException'> (0x00000000ff1b6b68) thrown at [D:\src\AOSP-openjdk-cygwin\jdk8u\hotspot\src\share\vm\prims\jni.cpp, line 709]
Event: 0.756 Thread 0x00000000027d9000 Exception <a 'sun/nio/fs/WindowsException'> (0x00000000ff1bb478) thrown at [D:\src\AOSP-openjdk-cygwin\jdk8u\hotspot\src\share\vm\prims\jni.cpp, line 709]
Event: 0.801 Thread 0x00000000027d9000 Exception <a 'sun/nio/fs/WindowsException'> (0x00000000ff9a66d0) thrown at [D:\src\AOSP-openjdk-cygwin\jdk8u\hotspot\src\share\vm\prims\jni.cpp, line 709]
Event: 0.801 Thread 0x00000000027d9000 Exception <a 'sun/nio/fs/WindowsException'> (0x00000000ff9a6c88) thrown at [D:\src\AOSP-openjdk-cygwin\jdk8u\hotspot\src\share\vm\prims\jni.cpp, line 709]

Events (10 events):
Event: 0.855 loading class sun/util/calendar/CalendarUtils done
Event: 0.855 loading class java/util/zip/ZipOutputStream$XEntry
Event: 0.855 loading class java/util/zip/ZipOutputStream$XEntry done
Event: 0.856 Executing VM operation: ParallelGCFailedAllocation
Event: 0.860 Executing VM operation: ParallelGCFailedAllocation done
Event: 0.861 loading class org/objectweb/asm/Opcodes
Event: 0.861 loading class org/objectweb/asm/Opcodes done
Event: 0.864 Thread 0x00000000027d9000 Uncommon trap: trap_request=0xffffff65 fr.pc=0x0000000002ac8f70
Event: 0.864 Thread 0x00000000027d9000 DEOPT PACKING pc=0x0000000002ac8f70 sp=0x000000000274e8a0
Event: 0.864 Thread 0x00000000027d9000 DEOPT UNPACKING pc=0x000000000291557b sp=0x000000000274e868 mode 2


Dynamic libraries:
0x00007ff6372b0000 - 0x00007ff6372e1000 	D:\Soft\AndroidStudio\jre\bin\java.exe
0x00007ffc2adc0000 - 0x00007ffc2afa1000 	C:\WINDOWS\SYSTEM32\ntdll.dll
0x00007ffc2ac60000 - 0x00007ffc2ad12000 	C:\WINDOWS\System32\KERNEL32.DLL
0x00007ffc27330000 - 0x00007ffc275a3000 	C:\WINDOWS\System32\KERNELBASE.dll
0x00007ffc2a6b0000 - 0x00007ffc2a751000 	C:\WINDOWS\System32\ADVAPI32.dll
0x00007ffc2ab60000 - 0x00007ffc2abfe000 	C:\WINDOWS\System32\msvcrt.dll
0x00007ffc2ad20000 - 0x00007ffc2ad7b000 	C:\WINDOWS\System32\sechost.dll
0x00007ffc2a270000 - 0x00007ffc2a394000 	C:\WINDOWS\System32\RPCRT4.dll
0x00007ffc28250000 - 0x00007ffc283e0000 	C:\WINDOWS\System32\USER32.dll
0x00007ffc271f0000 - 0x00007ffc27210000 	C:\WINDOWS\System32\win32u.dll
0x00007ffc2a640000 - 0x00007ffc2a668000 	C:\WINDOWS\System32\GDI32.dll
0x00007ffc280b0000 - 0x00007ffc28242000 	C:\WINDOWS\System32\gdi32full.dll
0x00007ffc27210000 - 0x00007ffc272af000 	C:\WINDOWS\System32\msvcp_win.dll
0x00007ffc277a0000 - 0x00007ffc27898000 	C:\WINDOWS\System32\ucrtbase.dll
0x00007ffc20910000 - 0x00007ffc20b79000 	C:\WINDOWS\WinSxS\amd64_microsoft.windows.common-controls_6595b64144ccf1df_6.0.17134.648_none_fb45a0e93062a6d2\COMCTL32.dll
0x00007ffc29e70000 - 0x00007ffc2a192000 	C:\WINDOWS\System32\combase.dll
0x00007ffc272b0000 - 0x00007ffc2732a000 	C:\WINDOWS\System32\bcryptPrimitives.dll
0x00007ffc2a670000 - 0x00007ffc2a69d000 	C:\WINDOWS\System32\IMM32.DLL
0x0000000057120000 - 0x00000000571f2000 	D:\Soft\AndroidStudio\jre\jre\bin\msvcr100.dll
0x0000000057390000 - 0x0000000057bd1000 	D:\Soft\AndroidStudio\jre\jre\bin\server\jvm.dll
0x00007ffc2a6a0000 - 0x00007ffc2a6a8000 	C:\WINDOWS\System32\PSAPI.DLL
0x00007ffbe9b30000 - 0x00007ffbe9b39000 	C:\WINDOWS\SYSTEM32\WSOCK32.dll
0x00007ffc2a200000 - 0x00007ffc2a26c000 	C:\WINDOWS\System32\WS2_32.dll
0x00007ffc24f00000 - 0x00007ffc24f23000 	C:\WINDOWS\SYSTEM32\WINMM.dll
0x00007ffc21960000 - 0x00007ffc2196a000 	C:\WINDOWS\SYSTEM32\VERSION.dll
0x00007ffc24d30000 - 0x00007ffc24d5a000 	C:\WINDOWS\SYSTEM32\WINMMBASE.dll
0x00007ffc278a0000 - 0x00007ffc278e9000 	C:\WINDOWS\System32\cfgmgr32.dll
0x00007ffc1fde0000 - 0x00007ffc1fdef000 	D:\Soft\AndroidStudio\jre\jre\bin\verify.dll
0x00007ffc16bb0000 - 0x00007ffc16bd9000 	D:\Soft\AndroidStudio\jre\jre\bin\java.dll
0x00007ffc13c70000 - 0x00007ffc13c86000 	D:\Soft\AndroidStudio\jre\jre\bin\zip.dll
0x00007ffc283e0000 - 0x00007ffc29820000 	C:\WINDOWS\System32\SHELL32.dll
0x00007ffc2a760000 - 0x00007ffc2a809000 	C:\WINDOWS\System32\shcore.dll
0x00007ffc279a0000 - 0x00007ffc280ad000 	C:\WINDOWS\System32\windows.storage.dll
0x00007ffc2a440000 - 0x00007ffc2a491000 	C:\WINDOWS\System32\shlwapi.dll
0x00007ffc27150000 - 0x00007ffc27161000 	C:\WINDOWS\System32\kernel.appcore.dll
0x00007ffc27170000 - 0x00007ffc2718f000 	C:\WINDOWS\System32\profapi.dll
0x00007ffc270d0000 - 0x00007ffc2711c000 	C:\WINDOWS\System32\powrprof.dll
0x00007ffc27140000 - 0x00007ffc2714a000 	C:\WINDOWS\System32\FLTLIB.DLL
0x00007ffc26b00000 - 0x00007ffc26b17000 	C:\WINDOWS\SYSTEM32\CRYPTSP.dll
0x00007ffc264d0000 - 0x00007ffc26503000 	C:\WINDOWS\system32\rsaenh.dll
0x00007ffc26c30000 - 0x00007ffc26c55000 	C:\WINDOWS\SYSTEM32\bcrypt.dll
0x00007ffc26fd0000 - 0x00007ffc26ff8000 	C:\WINDOWS\SYSTEM32\USERENV.dll
0x00007ffc26b20000 - 0x00007ffc26b2b000 	C:\WINDOWS\SYSTEM32\CRYPTBASE.dll
0x00007ffc13c50000 - 0x00007ffc13c6a000 	D:\Soft\AndroidStudio\jre\jre\bin\net.dll
0x00007ffc26950000 - 0x00007ffc269b6000 	C:\WINDOWS\system32\mswsock.dll
0x00007ffc266d0000 - 0x00007ffc26708000 	C:\WINDOWS\SYSTEM32\IPHLPAPI.DLL
0x00007ffc2ab50000 - 0x00007ffc2ab58000 	C:\WINDOWS\System32\NSI.dll
0x00007ffc1f2e0000 - 0x00007ffc1f2f6000 	C:\WINDOWS\SYSTEM32\dhcpcsvc6.DLL
0x00007ffc1f3a0000 - 0x00007ffc1f3ba000 	C:\WINDOWS\SYSTEM32\dhcpcsvc.DLL
0x00007ffc107d0000 - 0x00007ffc107e1000 	D:\Soft\AndroidStudio\jre\jre\bin\nio.dll

VM Arguments:
jvm_args: -Djava.awt.headless=true -Xmx64M -Dfile.encoding=windows-1251 -Duser.country=RU -Duser.language=ru -Duser.variant 
java_command: com.google.devtools.build.android.desugar.Desugar --input D:\Develop\Android\ScaffoldJava\ObscuraApp-master-master\app\build\intermediates\transforms\stackFramesFixer\debug\70.jar --output D:\Develop\Android\ScaffoldJava\ObscuraApp-master-master\app\build\intermediates\transforms\desugar\debug\71.jar --input D:\Develop\Android\ScaffoldJava\ObscuraApp-master-master\app\build\intermediates\transforms\stackFramesFixer\debug\21.jar --output D:\Develop\Android\ScaffoldJava\ObscuraApp-master-master\app\build\intermediates\transforms\desugar\debug\22.jar --input D:\Develop\Android\ScaffoldJava\ObscuraApp-master-master\app\build\intermediates\transforms\stackFramesFixer\debug\26.jar --output D:\Develop\Android\ScaffoldJava\ObscuraApp-master-master\app\build\intermediates\transforms\desugar\debug\27.jar --input D:\Develop\Android\ScaffoldJava\ObscuraApp-master-master\app\build\intermediates\transforms\stackFramesFixer\debug\45.jar --output D:\Develop\Android\ScaffoldJava\ObscuraApp-master-master\app\build\intermediates\transforms\desugar\debug\46.jar --input D:\Develop\Android\ScaffoldJava\ObscuraApp-master-master\app\build\intermediates\transforms\stackFramesFixer\debug\51.jar --output D:\Develop\Android\ScaffoldJava\ObscuraApp-master-master\app\build\intermediates\transforms\desugar\debug\52.jar --input D:\Develop\Android\ScaffoldJava\ObscuraApp-master-master\app\build\intermediates\transforms\stackFramesFixer\debug\15.jar --output D:\Develop\Android\ScaffoldJava\ObscuraApp-master-master\app\build\intermediates\transforms\desugar\debug\16.jar --input D:\Develop\Android\ScaffoldJava\ObscuraApp-master-master\app\build\intermediates\transforms\stackFramesFixer\debug\40.jar --output D:\Develop\Android\ScaffoldJava\ObscuraApp-master-master\app\build\intermediates\transforms\desugar\debug\41.jar --input D:\Develop\Android\ScaffoldJava\ObscuraApp-master-master\app\build\intermediates\transforms\stackFramesFixer\debug\32.jar --output D:\Develop\Android\ScaffoldJava
java_class_path (initial): D:\Temp\desugar_deploy.jar4626496204111000886
Launcher Type: SUN_STANDARD

Environment Variables:
PATH=C:\ProgramData\Oracle\Java\javapath;C:\WINDOWS\system32;C:\WINDOWS;C:\WINDOWS\System32\Wbem;C:\WINDOWS\System32\WindowsPowerShell\v1.0\;C:\Program Files\PuTTY\;C:\WINDOWS\System32\OpenSSH\;C:\Program Files\Git\cmd;C:\Users\User\AppData\Local\Microsoft\WindowsApps;
USERNAME=User
OS=Windows_NT
PROCESSOR_IDENTIFIER=Intel64 Family 6 Model 94 Stepping 3, GenuineIntel



---------------  S Y S T E M  ---------------

OS: Windows 10.0 , 64 bit Build 17134 (10.0.17134.648)

CPU:total 4 (initial active 4) (4 cores per cpu, 1 threads per core) family 6 model 94 stepping 3, cmov, cx8, fxsr, mmx, sse, sse2, sse3, ssse3, sse4.1, sse4.2, popcnt, avx, avx2, aes, clmul, erms, rtm, 3dnowpref, lzcnt, tsc, bmi1, bmi2, adx

Memory: 4k page, physical 10483676k(3126188k free), swap 11721092k(5220k free)

vm_info: OpenJDK 64-Bit Server VM (25.152-b01) for windows-amd64 JRE (1.8.0_152-release-1248-b01), built by "builder" with MS VC++ 10.0 (VS2010)

time: Tue Apr 02 13:57:33 2019
elapsed time: 0 seconds (0d 0h 0m 0s)

